Base path: C:/Program Files (x86)/Unity/Editor/Data
Pipe name: \\.\pipe\UnityShaderCompiler-1-6952
Cmd: getPlatforms
Cmd: preprocess
  insize=1376 outsize=650 ok=1
Cmd: compileSnippet
  api=4 type=0 insize=990 outsize=1274 kw= ok=1
Cmd: compileSnippet
  api=4 type=1 insize=990 outsize=908 kw= ok=1
Cmd: preprocess
  insize=894 outsize=1094 ok=1
Cmd: compileSnippet
  api=4 type=0 insize=4450 outsize=2607 kw=DIRECTIONAL LIGHTMAP_OFF DIRLIGHTMAP_OFF ok=1
Cmd: compileSnippet
  api=4 type=1 insize=4450 outsize=1526 kw=DIRECTIONAL LIGHTMAP_OFF DIRLIGHTMAP_OFF ok=1
Cmd: compileSnippet
  api=4 type=0 insize=2471 outsize=2875 kw=POINT ok=1
Cmd: compileSnippet
  api=4 type=1 insize=2471 outsize=1827 kw=POINT ok=1
Cmd: preprocess
  insize=2344 outsize=1625 ok=1
Cmd: compileSnippet
  api=4 type=0 insize=984 outsize=1274 kw= ok=1
Cmd: compileSnippet
  api=4 type=1 insize=984 outsize=852 kw= ok=1
Cmd: preprocess
  insize=2514 outsize=1827 ok=1
Cmd: compileSnippet
  api=4 type=0 insize=952 outsize=1274 kw= ok=1
Cmd: compileSnippet
  api=4 type=1 insize=952 outsize=811 kw= ok=1
Cmd: preprocess
  insize=1489 outsize=1486 ok=1
Cmd: compileSnippet
  api=4 type=0 insize=2471 outsize=1851 kw=DIRECTIONAL ok=1
Cmd: compileSnippet
  api=4 type=1 insize=2471 outsize=1412 kw=DIRECTIONAL ok=1
